Determining if the pthread_create exist failed with the following output:
Change Dir: /home/tuf22191/Desktop/Senior_Design_Project_Spring_2017/catkin_ws/build/CMakeFiles/CMakeTmp

Run Build Command:/usr/bin/make "cmTryCompileExec2500375338/fast"
/usr/bin/make -f CMakeFiles/cmTryCompileExec2500375338.dir/build.make CMakeFiles/cmTryCompileExec2500375338.dir/build
make[1]: Entering directory `/home/tuf22191/Desktop/Senior_Design_Project_Spring_2017/catkin_ws/build/CMakeFiles/CMakeTmp'
/usr/bin/cmake -E cmake_progress_report /home/tuf22191/Desktop/Senior_Design_Project_Spring_2017/catkin_ws/build/CMakeFiles/CMakeTmp/CMakeFiles 1
Building C object CMakeFiles/cmTryCompileExec2500375338.dir/CheckSymbolExists.c.o
/usr/bin/cc    -o CMakeFiles/cmTryCompileExec2500375338.dir/CheckSymbolExists.c.o   -c /home/tuf22191/Desktop/Senior_Design_Project_Spring_2017/catkin_ws/build/CMakeFiles/CMakeTmp/CheckSymbolExists.c
Linking C executable cmTryCompileExec2500375338
/usr/bin/cmake -E cmake_link_script CMakeFiles/cmTryCompileExec2500375338.dir/link.txt --verbose=1
/usr/bin/cc       CMakeFiles/cmTryCompileExec2500375338.dir/CheckSymbolExists.c.o  -o cmTryCompileExec2500375338 -rdynamic 
CMakeFiles/cmTryCompileExec2500375338.dir/CheckSymbolExists.c.o: In function `main':
CheckSymbolExists.c:(.text+0x16): undefined reference to `pthread_create'
collect2: error: ld returned 1 exit status
make[1]: Leaving directory `/home/tuf22191/Desktop/Senior_Design_Project_Spring_2017/catkin_ws/build/CMakeFiles/CMakeTmp'
make[1]: *** [cmTryCompileExec2500375338] Error 1
make: *** [cmTryCompileExec2500375338/fast] Error 2

File /home/tuf22191/Desktop/Senior_Design_Project_Spring_2017/catkin_ws/build/CMakeFiles/CMakeTmp/CheckSymbolExists.c:
/* */
#include <pthread.h>

int main(int argc, char** argv)
{
  (void)argv;
#ifndef pthread_create
  return ((int*)(&pthread_create))[argc];
#else
  (void)argc;
  return 0;
#endif
}

Determining if the function pthread_create exists in the pthreads failed with the following output:
Change Dir: /home/tuf22191/Desktop/Senior_Design_Project_Spring_2017/catkin_ws/build/CMakeFiles/CMakeTmp

Run Build Command:/usr/bin/make "cmTryCompileExec3628369080/fast"
/usr/bin/make -f CMakeFiles/cmTryCompileExec3628369080.dir/build.make CMakeFiles/cmTryCompileExec3628369080.dir/build
make[1]: Entering directory `/home/tuf22191/Desktop/Senior_Design_Project_Spring_2017/catkin_ws/build/CMakeFiles/CMakeTmp'
/usr/bin/cmake -E cmake_progress_report /home/tuf22191/Desktop/Senior_Design_Project_Spring_2017/catkin_ws/build/CMakeFiles/CMakeTmp/CMakeFiles 1
Building C object CMakeFiles/cmTryCompileExec3628369080.dir/CheckFunctionExists.c.o
/usr/bin/cc   -DCHECK_FUNCTION_EXISTS=pthread_create   -o CMakeFiles/cmTryCompileExec3628369080.dir/CheckFunctionExists.c.o   -c /usr/share/cmake-2.8/Modules/CheckFunctionExists.c
Linking C executable cmTryCompileExec3628369080
/usr/bin/cmake -E cmake_link_script CMakeFiles/cmTryCompileExec3628369080.dir/link.txt --verbose=1
/usr/bin/cc   -DCHECK_FUNCTION_EXISTS=pthread_create    CMakeFiles/cmTryCompileExec3628369080.dir/CheckFunctionExists.c.o  -o cmTryCompileExec3628369080 -rdynamic -lpthreads 
/usr/bin/ld: cannot find -lpthreads
collect2: error: ld returned 1 exit status
make[1]: *** [cmTryCompileExec3628369080] Error 1
make[1]: Leaving directory `/home/tuf22191/Desktop/Senior_Design_Project_Spring_2017/catkin_ws/build/CMakeFiles/CMakeTmp'
make: *** [cmTryCompileExec3628369080/fast] Error 2


